<?xml version="1.0" encoding="UTF-8"?>
<testsuite name="tests.ImageManipulatorTests" tests="4" skipped="0" failures="0" errors="0" timestamp="2019-04-02T16:05:43" hostname="MortenL" time="5.423">
  <properties/>
  <testcase name="testImageResizing" classname="tests.ImageManipulatorTests" time="3.087"/>
  <testcase name="testImagePacking" classname="tests.ImageManipulatorTests" time="2.245"/>
  <testcase name="testResizingWithHeight1" classname="tests.ImageManipulatorTests" time="0.061"/>
  <testcase name="testImagePackingException" classname="tests.ImageManipulatorTests" time="0.027"/>
  <system-out><![CDATA[]]></system-out>
  <system-err><![CDATA[]]></system-err>
</testsuite>
